{"logTime": "1011/100301", "correlationVector":"VdOKdJ7JrnA7PbyEEeGT5j.0","action":"FeedSettingFetch_homeCloud", "result":"0", "context":{}}
{"logTime": "1011/100303", "correlationVector":"nSYqmXD6yM03v+/mYFlXs3.1","action":"SyncServerConnectionManagerRequest", "result":"SYNC_SERVER_OK", "context":{"environment":"Prod_SoutheastAsia_000j", "migrationStage":"NotStarted", "server":"GENERAL0100000H"}}
{"logTime": "1011/100303", "correlationVector":"nSYqmXD6yM03v+/mYFlXs3","action":"Initial GetUpdates", "result":"", "context":Reason: NEW_CLIENT. cV=nSYqmXD6yM03v+/mYFlXs3}
{"logTime": "1011/100303", "correlationVector":"nSYqmXD6yM03v+/mYFlXs3.2","action":"GetUpdates Response", "result":"SYNCER_OK", "context":Received 1 update(s). cV=nSYqmXD6yM03v+/mYFlXs3.0;server=GENERAL0100000H;cloudType=Multitenant;environment=Prod_SoutheastAsia_000j;migrationStage=NotStarted}
{"logTime": "1011/100304", "correlationVector":"Ph+MDL16LqmAnFdzj/8VJe","action":"Initial GetUpdates", "result":"", "context":Reason: NEW_CLIENT. cV=Ph+MDL16LqmAnFdzj/8VJe}
{"logTime": "1011/100305", "correlationVector":"Ph+MDL16LqmAnFdzj/8VJe.1","action":"SyncServerConnectionManagerRequest", "result":"SYNC_SERVER_OK", "context":{"environment":"Prod_SoutheastAsia_000j", "migrationStage":"NotStarted", "server":"GENERAL0100000H"}}
{"logTime": "1011/100310", "correlationVector":"Ph+MDL16LqmAnFdzj/8VJe.2","action":"AAD.Mip.Unpack", "result":"Success", "context":MIP_CLOUD_COMMERCIAL:Success}
{"logTime": "1011/100310", "correlationVector":"Ph+MDL16LqmAnFdzj/8VJe.3","action":"AAD.GetKeyResponse", "result":"Success", "context":Keys=2.LastKeyStatus=Normal. 2023-08-04 13:29:44 +0530.State=None. Tags: Current_encryption_keys_tag = 77+9Zu+/vQwEMe+/vT/vv73vv70dz63vv71b77+977+977+9MUJDAO+/ve+/vRs977+977+9P33vv703, Updated_current_encryption_keys_tag = Empty}
{"logTime": "1011/100310", "correlationVector":"Ph+MDL16LqmAnFdzj/8VJe.4","action":"GetUpdates Response", "result":"SYNCER_OK", "context":Received 7 update(s). cV=Ph+MDL16LqmAnFdzj/8VJe.0;server=GENERAL0100000H;cloudType=Multitenant;environment=Prod_SoutheastAsia_000j;migrationStage=NotStarted}
{"logTime": "1011/100310", "correlationVector":"b2lLWk1F7N2+u4EWEteyVx","action":"Normal GetUpdate request", "result":"", "context":cV=b2lLWk1F7N2+u4EWEteyVx
Nudged types: Device Info, User Consents
Refresh requested types: Device Info, User Consents, Send Tab To Self, Encryption Keys}
{"logTime": "1011/100310", "correlationVector":"b2lLWk1F7N2+u4EWEteyVx.1","action":"SyncServerConnectionManagerRequest", "result":"SYNC_SERVER_OK", "context":{"environment":"Prod_SoutheastAsia_000j", "migrationStage":"NotStarted", "server":"GENERAL01000018"}}
{"logTime": "1011/100310", "correlationVector":"b2lLWk1F7N2+u4EWEteyVx.2","action":"GetUpdates Response", "result":"SYNCER_OK", "context":Received 0 update(s). cV=b2lLWk1F7N2+u4EWEteyVx.0;server=GENERAL01000018;cloudType=Multitenant;environment=Prod_SoutheastAsia_000j;migrationStage=NotStarted}
{"logTime": "1011/100310", "correlationVector":"zQtf3R75MdDlw0T+nxLm76","action":"Commit Request", "result":"", "context":Item count: 1
Contributing types: Device Info}
{"logTime": "1011/100311", "correlationVector":"zQtf3R75MdDlw0T+nxLm76.1","action":"SyncServerConnectionManagerRequest", "result":"SYNC_SERVER_OK", "context":{"environment":"Prod_SoutheastAsia_000j", "migrationStage":"NotStarted", "server":"GENERAL0100001I"}}
{"logTime": "1011/100311", "correlationVector":"zQtf3R75MdDlw0T+nxLm76.2","action":"Commit Response", "result":"SYNCER_OK", "context":Result: SYNCER_OK. cV=zQtf3R75MdDlw0T+nxLm76.0;server=GENERAL0100001I;cloudType=Multitenant;environment=Prod_SoutheastAsia_000j;migrationStage=NotStarted}
{"logTime": "1011/100311", "correlationVector":"G4Bm27KG7ILd6M6/LrpMwk","action":"Commit Request", "result":"", "context":Item count: 2
Contributing types: User Consents}
{"logTime": "1011/100312", "correlationVector":"G4Bm27KG7ILd6M6/LrpMwk.1","action":"SyncServerConnectionManagerRequest", "result":"SYNC_SERVER_OK", "context":{"environment":"Prod_SoutheastAsia_000j", "migrationStage":"NotStarted", "server":"general01000014"}}
{"logTime": "1011/100312", "correlationVector":"G4Bm27KG7ILd6M6/LrpMwk.2","action":"Commit Response", "result":"SYNCER_OK", "context":Result: SYNCER_OK. cV=G4Bm27KG7ILd6M6/LrpMwk.0;server=general01000014;cloudType=Multitenant;environment=Prod_SoutheastAsia_000j;migrationStage=NotStarted}
